< d 183 131 02807C
< d 131 183 040D31023E
< d 183 131 02807C
< b 100 1FF 020030
< d 131 183 0409013139
< d 183 131 02807C
< d 131 183 040D31023E
< d 183 131 02807C
< b 183 1FF 020870
< d 131 183 0409013139
< d 183 131 02807C
< d 131 183 040D31023E
< d 183 131 02807C
< d 183 100 0501020D312D
< d 100 183 028069
< d 183 100 0405830275
< d 100 183 028069
< d 100 183 0A020700020701244B1083
< d 183 100 028069
< d 100 183 060383020D31B3
< d 183 100 028069
< d 100 183 08060301000201837F
< d 183 131 040A010D16
< d 131 183 02807C
< d 183 100 028069
< d 100 183 0204ED
< d 183 100 028069
< d 100 183 0710003101020032
< d 183 131 030B3139
< d 131 183 02807C
< d 183 100 028069
< d 183 131 060E02028331C6
< d 131 183 02807C
< d 100 183 06102431000254
< d 183 100 028069
< d 100 183 06104B31003CB5
!2
< d 131 183 02807C
< d 131 183 0969310D0001100900C4
!2
< d 100 183 0840000D030207034B
< d 183 131 02807C
< d 183 131 0A020700020701244B1096
!2
< d 183 100 028069
< d 131 183 02807C
< d 183 131 02807C
< d 131 183 0959310D0001020520C2
!2
< d 131 183 02807C
< d 183 131 02807C
< d 183 131 080603010002018392
< d 131 183 02807C
< d 183 131 07180D310302005C
< d 131 183 02807C
< d 183 131 06182431020271
< d 131 183 02807C
< d 183 131 06184B31023CD2
< d 131 183 02807C
< d 183 131 08190D3106015902BB
< d 131 183 02807C
< d 131 183 0859310D0001698083
< d 183 131 02807C
< d 183 131 08590D3102012001BD
< d 131 183 02807C
< d 131 183 0819310D04015920D7
< d 183 131 02807C
< d 183 131 08190D310601596922
< d 131 183 02807C
< d 183 100 08110D000601400357
< d 100 183 028069
< d 100 183 08400031030207036F
< d 183 100 028069
< d 183 131 08480D310302070397
< d 131 183 02807C
< d 131 183 0819310D06014803AB
< d 183 131 02807C
< d 183 100 08113100060140037B
< d 100 183 028069
< d 100 183 09600231000110BC3A8A
< d 183 100 028069
< d 100 183 10600231000100041300E000001D00009F
< d 183 100 028069
< d 100 183 0940003103020700026F
< d 183 131 09680231020110BC3AA7
< d 183 100 028069
< d 131 183 02807C
< d 183 131 09480D31030207000297
< d 131 183 02807C
< d 131 183 0819310D06014800A8
< d 183 131 02807C
< d 183 131 10680231020100041300E000001D0000BC
< d 131 183 02807C
< d 183 100 081131000601400078
< d 100 183 028069
< d 100 183 0D60073100010000021010FF40EE
< d 183 100 028069
< d 100 183 0F6007310001010F0A828896A90002F4
< d 183 100 028069
< d 100 183 0C60073100011006221168003D
!2
< d 131 183 02807C
< d 183 100 028069
< d 100 183 116007310001020000000000000000000093
< d 183 100 028069
< d 183 131 0F6807310201010F0A828896A9000211
< d 131 183 02807C
< d 183 131 0C68073102011006221168005A
< d 131 183 02807C
< d 183 131 1168073102010200000000000000000000B0
< d 131 183 02807C
< d 183 100 09503102000102000076
< d 100 183 028069
< d 100 183 08110231040150028A
< d 183 100 028069
< d 100 183 10600231000100041300E000001D00009F
< d 183 100 028069
< d 183 131 10680231020100041300E000001D0000BC
< d 131 183 02807C
< d 100 183 0D60073100010000021010FF50FE
< d 183 100 028069
< d 183 131 0D68073102010000021010FF501B
< d 131 183 02807C
< d 183 131 08590D3102012001BD
< d 131 183 02807C
< d 131 183 0819310D04015920D7
< d 183 131 02807C
< d 183 131 08590D3102012001BD
< d 131 183 02807C
< d 131 183 0819310D04015920D7
< d 183 131 02807C
< d 183 131 06170D31020158
< d 131 183 02807C
< d 183 131 06170D31020158
< d 131 183 02807C
< d 183 131 06170D31020158
< d 131 183 02807C
< d 100 183 0970003103020700029F
< d 183 100 028069
< d 183 131 09780D310302070002C7
< d 131 183 02807C
< d 183 100 07100D000100010D
< d 100 183 028069
< d 183 100 0B600D010001402047000008
< d 100 183 028069
< d 183 131 06170D31020158
< d 131 183 02807C
< d 183 131 06170D31020158
< d 131 183 02807C
< d 100 183 0970003103020700029F
< d 183 100 028069
< d 183 131 09780D310302070002C7
< d 131 183 02807C
< d 183 100 07100D000100010D
< d 100 183 028069
< d 183 131 08590D3102012101BE
< d 131 183 02807C
< d 131 183 0819310D04015921D8
< d 183 131 02807C
< d 183 131 08590D31020122712F
< d 131 183 02807C
< d 131 183 0819310D04015922D9
< d 183 131 02807C
< d 183 131 09590D3102019100002E
< d 131 183 02807C
< d 131 183 0819310D0401599148
< d 183 131 02807C
< d 183 131 09590D31020194FF0030
< d 131 183 02807C
< d 131 183 0819310D040159944B
< d 183 131 02807C
< d 100 183 0970003103020700029F
< d 183 100 028069
< d 183 131 09780D310302070002C7
< d 131 183 02807C
< d 100 183 0970003103020700029F
< d 183 100 028069
< d 183 131 09780D310302070002C7
< d 131 183 02807C
< d 100 183 0970003103020700029F
< d 183 100 028069
< d 183 131 09780D310302070002C7
< d 131 183 02807C
< d 100 183 10600231000200031300E000001D00009F
< d 183 100 028069
< d 183 131 10680231020200031300E000001D0000BC
< d 131 183 02807C
< d 100 183 10600231000200021300E000001D00009E
< d 183 100 028069
< d 183 131 10680231020200021300E000001D0000BB
< d 131 183 02807C
< d 100 183 10600231000200011300E000001D00009D
< d 183 100 028069
< d 183 131 10680231020200011300E000001D0000BA
< d 131 183 02807C
< d 100 183 10600231000200021300E000001D00009E
< d 183 100 028069
< d 183 131 10680231020200021300E000001D0000BB
< d 131 183 02807C
< d 100 183 10600231000200031300E000001D00009F
< d 183 100 028069
< d 183 131 10680231020200031300E000001D0000BC
< d 131 183 02807C
< d 100 183 0970003103020700029F
< d 183 100 028069
< d 183 131 09780D310302070002C7
< d 131 183 02807C
< d 100 183 10600231000200041300E000001D0000A0
< d 183 100 028069
< d 183 131 10680231020200041300E000001D0000BD
< d 131 183 02807C
< d 100 183 10600231000200051300E000001D0000A1
< d 183 100 028069
< d 183 131 10680231020200051300E000001D0000BE
< d 131 183 02807C
< d 100 183 10600231000200061300E000001D0000A2
< d 183 100 028069
< d 183 131 10680231020200061300E000001D0000BF
< d 131 183 02807C
< d 100 183 10600231000200071300E000001D0000A3
< d 183 100 028069
< d 183 131 10680231020200071300E000001D0000C0
< d 131 183 02807C
< d 100 183 10600231000200061300E000001D0000A2
< d 183 100 028069
< d 183 131 10680231020200061300E000001D0000BF
< d 131 183 02807C
< d 100 183 10600231000200051300E000001D0000A1
< d 183 100 028069
< d 183 131 10680231020200051300E000001D0000BE
< d 131 183 02807C
< d 100 183 06100231000131
< d 183 100 028069
< d 183 131 0618023102014E
< d 131 183 02807C
< d 100 183 0970003103020700029F
< d 183 100 028069
< d 183 131 09780D310302070002C7
< d 131 183 02807C
!5
!5
!5
!5
!5
!5
!5
!5
!6
< d 131 183 0409013139
< d 183 131 02807C
< d 131 183 040D31023E
< d 183 131 02807C
< b 183 1FF 020870
< d 131 183 0409013139
< d 183 131 02807C
< d 131 183 040D31023E
< d 183 131 02807C
< d 183 100 0501020D312D
< d 100 183 028069
< d 183 100 0405830275
< d 100 183 028069
< d 100 183 0A020700020701244B1083
< d 183 100 028069
< d 100 183 060383020D31B3
< d 183 100 028069
< d 100 183 08060301000201837F
< d 183 131 040A010D16
< d 131 183 02807C
< d 183 100 028069
< d 100 183 0204ED
< d 183 100 028069
< d 100 183 0710003101020032
< d 183 131 030B3139
< d 131 183 02807C
< d 183 100 028069
< d 183 131 060E02028331C6
< d 131 183 02807C
< d 100 183 06102431000254
< d 183 100 028069
< d 100 183 06104B31003CB5
< d 183 131 020C08
< d 131 183 02807C
< d 131 183 0969310D0001100900C4
!2
< d 100 183 0840000D030207034B
< d 183 131 02807C
< d 131 183 1869310D0001012058A8050000000000000000C6DBE905006F
!2
< d 131 183 02807C
< d 183 100 028069
< d 183 131 02807C
< d 131 183 0959310D0001020520C2
!2
< d 131 183 02807C
< d 183 131 02807C
< d 183 131 080603010002018392
< d 131 183 02807C
< d 183 131 07180D310302005C
< d 131 183 02807C
< d 183 131 06182431020271
< d 131 183 02807C
< d 183 131 06184B31023CD2
< d 131 183 02807C
< d 183 131 08190D3106015902BB
< d 131 183 02807C
< d 131 183 0859310D0001698083
< d 183 131 02807C
< d 183 131 08590D3102012001BD
< d 131 183 02807C
< d 131 183 0819310D04015920D7
< d 183 131 02807C
< d 183 131 08190D310601596922
< d 131 183 02807C
< d 183 100 08110D000601400357
< d 100 183 028069
< d 100 183 08400031030207036F
< d 183 100 028069
< d 183 131 08480D310302070397
< d 131 183 02807C
< d 131 183 0819310D06014803AB
< d 183 131 02807C
< d 183 100 08113100060140037B
< d 100 183 028069
< d 100 183 09600231000110BC3A8A
< d 183 100 028069
< d 100 183 10600231000100051300E000001D0000A0
< d 183 100 028069
< d 100 183 0940003103020700026F
< d 183 131 09680231020110BC3AA7
< d 183 100 028069
< d 131 183 02807C
< d 183 131 09480D31030207000297
< d 131 183 02807C
< d 131 183 0819310D06014800A8
< d 183 131 02807C
< d 183 131 10680231020100051300E000001D0000BD
< d 131 183 02807C
< d 183 100 081131000601400078
< d 100 183 028069
< d 100 183 0D60073100010000021010FF40EE
< d 183 100 028069
< d 100 183 0F6007310001010F0A828896A90002F4
< d 183 100 028069
< d 100 183 0C60073100011006221168003D
!2
< d 131 183 02807C
< d 183 100 028069
< d 100 183 116007310001020000000000000000000093
< d 183 100 028069
< d 183 131 0F6807310201010F0A828896A9000211
< d 131 183 02807C
< d 183 131 0C68073102011006221168005A
< d 131 183 02807C
< d 183 131 1168073102010200000000000000000000B0
< d 131 183 02807C
< d 183 100 09503102000102000076
< d 100 183 028069
< d 100 183 08110231040150028A
< d 183 100 028069
< d 100 183 10600231000100051300E000001D0000A0
< d 183 100 028069
< d 183 131 10680231020100051300E000001D0000BD
< d 131 183 02807C
< d 100 183 0D60073100010000021010FF50FE
< d 183 100 028069
< d 183 131 0D68073102010000021010FF501B
< d 131 183 02807C
< d 183 131 08590D3102012001BD
< d 131 183 02807C
< d 131 183 0819310D04015920D7
< d 183 131 02807C
< d 183 131 08590D3102012001BD
< d 131 183 02807C
< d 131 183 0819310D04015920D7
< d 183 131 02807C
< d 183 131 06170D31020158
< d 131 183 02807C
< d 183 131 06170D31020158
< d 131 183 02807C
< d 183 131 06170D31020158
< d 131 183 02807C
< d 100 183 0970003103020700029F
< d 183 100 028069
< d 183 131 09780D310302070002C7
< d 131 183 02807C
< d 183 100 07100D000100010D
< d 100 183 028069
< d 183 131 06170D31020158
< d 131 183 02807C
< d 183 131 06170D31020158
< d 131 183 02807C
< d 100 183 0970003103020700029F
< d 183 100 028069
< d 183 131 09780D310302070002C7
< d 131 183 02807C
< d 183 100 07100D000100010D
< d 100 183 028069
< d 100 183 10600231000200061300E000001D0000A2
< d 183 100 028069
< d 183 131 10680231020200061300E000001D0000BF
< d 131 183 02807C
< d 183 131 08590D3102012101BE
< d 131 183 02807C
< d 131 183 0819310D04015921D8
< d 183 131 02807C
< d 100 183 10600231000200071300E000001D0000A3
< d 183 100 028069
< d 183 131 10680231020200071300E000001D0000C0
< d 131 183 02807C
< d 183 131 08590D3102012211CF
< d 131 183 02807C
< d 131 183 0819310D04015922D9
< d 183 131 02807C
< d 183 131 09590D31020191020030
< d 131 183 02807C
< d 131 183 0819310D0401599148
< d 183 131 02807C
< d 183 131 09590D31020194FF0030
< d 131 183 02807C
< d 131 183 0819310D040159944B
< d 183 131 02807C
< d 100 183 10600231000200061300E000001D0000A2
< d 183 100 028069
< d 183 131 10680231020200061300E000001D0000BF
< d 131 183 02807C
< d 100 183 06100231000131
< d 183 100 028069
< d 183 131 0618023102014E
< d 131 183 02807C
< d 100 183 0970003103020700029F
< d 183 100 028069
< d 183 131 09780D310302070002C7
< d 131 183 02807C
< d 100 183 06100231000131
< d 183 100 028069
< d 100 183 0940003103024B0000B1
< d 183 100 028069
< d 183 131 0618023102014E
< d 131 183 02807C
< d 183 131 09480D3103024B0000D9
< d 131 183 02807C
< d 131 183 0819310D06014800A8
< d 183 131 02807C
< d 183 100 081131000601400078
< d 100 183 028069
< d 100 183 1D604B310002101F4E00BF0000000000AAC000000000AAC100FBEE0001DD
< d 183 100 028069
< d 100 183 20604B31000200F460FFFFFF0F000F07FFFFFFFF21300F000F240020302000005A
!2
< d 183 100 028069
< d 100 183 1F604B310002016666660000000514051400000000000098FF05140000003029
!2
< d 183 100 028069
< d 100 183 10604B310002080F00000FFF0F010F243D
< d 183 100 028069
< d 100 183 1B604B310002090F0000000F000FFF0FFF0FFF0FFF0FFF0FFF0FFF69
!2
< d 183 100 028069
< d 131 183 02807C
< d 100 183 1D604B3100020A0F000F0000000FFF0FFF0FFF0FFF0FFF0FFF0FFF0FFF7A
!2
< d 183 100 028069
< d 131 183 02807C
< d 183 131 10684B310202080F00000FFF0F010F245A
< d 131 183 02807C
< d 183 131 1B684B310202090F0000000F000FFF0FFF0FFF0FFF0FFF0FFF0FFF86
< d 131 183 02807C
< d 183 131 1D684B3102020A0F000F0000000FFF0FFF0FFF0FFF0FFF0FFF0FFF0FFF97
< d 131 183 02807C
< d 100 183 0970003103024B0000E1
< d 183 100 028069
< d 183 131 09780D3103024B000009
< d 131 183 02807C
< d 100 183 20604B31000300F460FFF1030F000F07FFFFFFFF21300F000F2400203020000051
< d 183 100 028069
< d 183 131 20684B31020300F460FFF1030F000F07FFFFFFFF21300F000F240020302000006E
< d 131 183 02807C
< d 100 183 19604B310003700100524F4F54FFFFFFFFFFFFFFFFFFFFFFFF88
< d 183 100 028069
< d 100 183 19604B310003700110FFFFFFFFFFFFFFFFFFFFFFFFFFFFFFFF50
< d 183 100 028069
< d 183 131 19684B310203700100524F4F54FFFFFFFFFFFFFFFFFFFFFFFFA5
< d 131 183 02807C
< d 183 131 19684B310203700110FFFFFFFFFFFFFFFFFFFFFFFFFFFFFFFF6D
< d 131 183 02807C
< d 100 183 19604B310003710202004E004F004100320053007600670066FA
< d 183 100 028069
< d 100 183 19604B310003710212004D006C004C0056002E00310032003888
< d 183 100 028069
< d 183 131 19684B310203710202004E004F00410032005300760067006617
< d 131 183 02807C
< d 183 131 19684B310203710212004D006C004C0056002E003100320038A5
< d 131 183 02807C
< d 183 100 0A50314B000114F00722EB
< d 100 183 028069
< d 100 183 08114B3104035014E7
< d 183 100 028069
< d 100 183 20604B31000300F460FFF1040F000F07FFFFFFFF21300F000F2400203020000052
< d 183 100 028069
< d 183 131 20684B31020300F460FFF1040F000F07FFFFFFFF21300F000F240020302000006F
< d 131 183 02807C
< d 100 183 1E604B310003770F00000F071222FFFFFFFFFFFFFFFFFFFFFFFFFFFFFFFFA4
< d 183 100 028069
< d 183 131 1E684B310203770F00000F071222FFFFFFFFFFFFFFFFFFFFFFFFFFFFFFFFC1
< d 131 183 02807C
< d 100 183 19604B310003720400FFFFFFFFFFFFFFFFFFFFFFFFFFFFFFFF45
< d 183 100 028069
< d 100 183 19604B310003720410FFFFFFFFFFFFFFFFFFFFFFFFFFFFFFFF55
< d 183 100 028069
< d 183 131 19684B310203720400FFFFFFFFFFFFFFFFFFFFFFFFFFFFFFFF62
< d 131 183 02807C
< d 183 131 19684B310203720410FFFFFFFFFFFFFFFFFFFFFFFFFFFFFFFF72
< d 131 183 02807C
< d 100 183 19604B310003740400FFFFFFFFFFFFFFFFFFFFFFFFFFFFFFFF47
< d 183 100 028069
< d 100 183 19604B310003740410FFFFFFFFFFFFFFFFFFFFFFFFFFFFFFFF57
< d 183 100 028069
< d 183 131 19684B310203740400FFFFFFFFFFFFFFFFFFFFFFFFFFFFFFFF64
< d 131 183 02807C
< d 183 131 19684B310203740410FFFFFFFFFFFFFFFFFFFFFFFFFFFFFFFF74
< d 131 183 02807C
< d 100 183 19604B310003730400FFFFFFFFFFFFFFFFFFFFFFFFFFFFFFFF46
< d 183 100 028069
< d 100 183 19604B310003730410FFFFFFFFFFFFFFFFFFFFFFFFFFFFFFFF56
< d 183 100 028069
< d 183 131 19684B310203730400FFFFFFFFFFFFFFFFFFFFFFFFFFFFFFFF63
< d 131 183 02807C
< d 183 131 19684B310203730410FFFFFFFFFFFFFFFFFFFFFFFFFFFFFFFF73
< d 131 183 02807C
< d 100 183 20604B31000300F460FFF1050F000F07FFFFFFFF21300F000F2400203020000053
< d 183 100 028069
< d 183 131 20684B31020300F460FFF1050F000F07FFFFFFFF21300F000F2400203020000070
< d 131 183 02807C
< d 100 183 19604B310003750400FFFFFFFFFFFFFFFFFFFFFFFFFFFFFFFF48
< d 183 100 028069
< d 100 183 19604B310003750410FFFFFFFFFFFFFFFFFFFFFFFFFFFFFFFF58
< d 183 100 028069
< d 183 131 19684B310203750400FFFFFFFFFFFFFFFFFFFFFFFFFFFFFFFF65
< d 131 183 02807C
< d 183 131 19684B310203750410FFFFFFFFFFFFFFFFFFFFFFFFFFFFFFFF75
< d 131 183 02807C
< d 100 183 20604B31000300F460FFF1060F000F07FFFFFFFF21300F000F2400203020000054
< d 183 100 028069
< d 183 131 20684B31020300F460FFF1060F000F07FFFFFFFF21300F000F2400203020000071
< d 131 183 02807C
< d 100 183 20604B31000300F460FFF1070F000F07FFFFFFFF21300F000F2400203020000055
< d 183 100 028069
< d 183 131 20684B31020300F460FFF1070F000F07FFFFFFFF21300F000F2400203020000072
< d 131 183 02807C
< d 100 183 0970003103024B0000E1
< d 183 100 028069
< d 183 131 09780D3103024B000009
< d 131 183 02807C
< d 100 183 20604B31000300F460FFF1080F000F07FFFFFFFF21300F000F2400203020000056
< d 183 100 028069
< d 183 131 20684B31020300F460FFF1080F000F07FFFFFFFF21300F000F2400203020000073
< d 131 183 02807C
< d 100 183 20604B31000300F460FFF1090F000F07FFFFFFFF21300F000F2400203020000057
< d 183 100 028069
< d 183 131 20684B31020300F460FFF1090F000F07FFFFFFFF21300F000F2400203020000074
< d 131 183 02807C
< d 100 183 20604B31000300F460FFF1100F000F07FFFFFFFF21300F000F240020302000005E
< d 183 100 028069
< d 183 131 20684B31020300F460FFF1100F000F07FFFFFFFF21300F000F240020302000007B
< d 131 183 02807C
< d 100 183 20604B31000300F460FFF1110F000F07FFFFFFFF21300F000F240020302000005F
< d 183 100 028069
< d 183 131 20684B31020300F460FFF1110F000F07FFFFFFFF21300F000F240020302000007C
< d 131 183 02807C
< d 183 100 0950314B000117F000C4
< d 100 183 028069
< d 100 183 08114B3104035017EA
< d 183 100 028069
< d 100 183 11604B3100030B0F00000FFF0F010F240143
< d 183 100 028069
< d 183 131 11684B3102030B0F00000FFF0F010F240160
< d 131 183 02807C
< d 183 100 0B50314B000119F0000000C8
< d 100 183 028069
< d 100 183 08114B3104035019EC
< d 183 100 028069
< d 100 183 1E604B3100030D0F000F0000000FFF0FFF0FFF0FFF0FFF0FFF0FFF0FFF0180
< d 183 100 028069
< d 183 131 1E684B3102030D0F000F0000000FFF0FFF0FFF0FFF0FFF0FFF0FFF0FFF019D
< d 131 183 02807C
< d 183 100 0A50314B000114F00100C3
< d 100 183 028069
< d 100 183 08114B3104035014E7
< d 183 100 028069
< d 100 183 1E604B310003770F00000F01020200300076004700360054006400550043F1
< d 183 100 028069
< d 100 183 1E604B310003770F00000F0102120052007400420037002E00310032003896
< d 183 131 1E684B310203770F00000F010202003000760047003600540064005500430E
< d 183 100 028069
< d 131 183 02807C
< d 183 131 1E684B310203770F00000F0102120052007400420037002E003100320038B3
< d 131 183 02807C
< d 183 100 0A50314B000114F00122E5
< d 100 183 028069
< d 100 183 08114B3104035014E7
< d 183 100 028069
< d 100 183 1E604B310003770F00000F010222FFFFFFFFFFFFFFFFFFFFFFFFFFFFFFFF8E
< d 183 100 028069
< d 183 131 1E684B310203770F00000F010222FFFFFFFFFFFFFFFFFFFFFFFFFFFFFFFFAB
< d 131 183 02807C
< d 183 100 0A50314B000114F00200C4
< d 100 183 028069
< d 100 183 08114B3104035014E7
< d 183 100 028069
< d 100 183 20604B31000300F460FFF1120F000F07FFFFFFFF21300F000F2400203020000060
< d 183 100 028069
< d 183 131 20684B31020300F460FFF1120F000F07FFFFFFFF21300F000F240020302000007D
< d 131 183 02807C
< d 100 183 1E604B310003770F00000F0202020032006E0043003400760067004B004907
< d 183 100 028069
< d 100 183 1E604B310003770F00000F020212006A006A0057006A002E003100320038ED
< d 183 131 1E684B310203770F00000F0202020032006E0043003400760067004B004924
< d 183 100 028069
< d 131 183 02807C
< d 183 131 1E684B310203770F00000F020212006A006A0057006A002E0031003200380A
< d 131 183 02807C
< d 183 100 0A50314B000114F00222E6
< d 100 183 028069
< d 100 183 08114B3104035014E7
< d 183 100 028069
< d 100 183 1E604B310003770F00000F0202220020002800310029FFFFFFFFFFFFFFFF39
< d 183 100 028069
< d 183 131 1E684B310203770F00000F0202220020002800310029FFFFFFFFFFFFFFFF56
< d 131 183 02807C
< d 183 100 0A50314B000114F00300C5
< d 100 183 028069
< d 100 183 08114B3104035014E7
< d 183 100 028069
< d 100 183 20604B31000300F460FFF1130F000F07FFFFFFFF21300F000F2400203020000061
< d 183 100 028069
< d 183 131 20684B31020300F460FFF1130F000F07FFFFFFFF21300F000F240020302000007E
< d 131 183 02807C
< d 100 183 0970003103024B0000E1
< d 183 100 028069
< d 183 131 09780D3103024B000009
< d 131 183 02807C
< d 100 183 1E604B310003770F00000F0302020032006E0043003400760067004B004908
< d 183 100 028069
< d 100 183 1E604B310003770F00000F030212006A006A0057006A002E003100320038EE
< d 183 131 1E684B310203770F00000F0302020032006E0043003400760067004B004925
< d 183 100 028069
< d 131 183 02807C
< d 183 131 1E684B310203770F00000F030212006A006A0057006A002E0031003200380B
< d 131 183 02807C
< d 183 100 0A50314B000114F00322E7
< d 100 183 028069
< d 100 183 08114B3104035014E7
< d 183 100 028069
< d 100 183 1E604B310003770F00000F030222FFFFFFFFFFFFFFFFFFFFFFFFFFFFFFFF90
< d 183 100 028069
< d 183 131 1E684B310203770F00000F030222FFFFFFFFFFFFFFFFFFFFFFFFFFFFFFFFAD
< d 131 183 02807C
< d 183 100 0A50314B000114F00400C6
< d 100 183 028069
< d 100 183 08114B3104035014E7
< d 183 100 028069
< d 100 183 1E604B310003770F00000F040202003700610047004700750042006B00642D
< d 183 100 028069
< d 100 183 1E604B310003770F00000F0402120073003400580039002E00310032003892
< d 183 131 1E684B310203770F00000F040202003700610047004700750042006B00644A
< d 183 100 028069
< d 131 183 02807C
< d 183 131 1E684B310203770F00000F0402120073003400580039002E003100320038AF
< d 131 183 02807C
< d 183 100 0A50314B000114F00422E8
< d 100 183 028069
< d 100 183 08114B3104035014E7
< d 183 100 028069
< d 100 183 20604B31000300F460FFF1140F000F07FFFFFFFF21300F000F2400203020000062
< d 183 100 028069
< d 183 131 20684B31020300F460FFF1140F000F07FFFFFFFF21300F000F240020302000007F
< d 131 183 02807C
< d 100 183 1E604B310003770F00000F040222FFFFFFFFFFFFFFFFFFFFFFFFFFFFFFFF91
< d 183 100 028069
< d 183 131 1E684B310203770F00000F040222FFFFFFFFFFFFFFFFFFFFFFFFFFFFFFFFAE
< d 131 183 02807C
< d 183 100 0A50314B000114F00500C7
< d 100 183 028069
< d 100 183 08114B3104035014E7
< d 183 100 028069
< d 100 183 1E604B310003770F00000F0502020044007400500056004A0072007700697C
< d 183 100 028069
< d 100 183 1E604B310003770F00000F050212005200740053004F002E003100320038C3
!2
< d 183 100 028069
< d 131 183 02807C
< d 183 131 1E684B310203770F00000F050212005200740053004F002E003100320038E0
< d 131 183 02807C
< d 183 100 0A50314B000114F00522E9
< d 100 183 028069
< d 100 183 08114B3104035014E7
< d 183 100 028069
< d 100 183 1E604B310003770F00000F050222FFFFFFFFFFFFFFFFFFFFFFFFFFFFFFFF92
< d 183 100 028069
< d 183 131 1E684B310203770F00000F050222FFFFFFFFFFFFFFFFFFFFFFFFFFFFFFFFAF
< d 131 183 02807C
< d 183 100 0A50314B000114F00600C8
< d 100 183 028069
< d 100 183 08114B3104035014E7
< d 183 100 028069
< d 100 183 20604B31000300F460FFF1150F000F07FFFFFFFF21300F000F2400203020000063
< d 183 100 028069
< d 183 131 20684B31020300F460FFF1150F000F07FFFFFFFF21300F000F2400203020000080
< d 131 183 02807C
< d 100 183 1E604B310003770F00000F060202004A00340069006700550030006E00793D
< d 183 100 028069
< d 100 183 1E604B310003770F00000F06021200710053004E0057002E003100320038C5
< d 183 131 1E684B310203770F00000F060202004A00340069006700550030006E00795A
< d 183 100 028069
< d 131 183 02807C
< d 183 131 1E684B310203770F00000F06021200710053004E0057002E003100320038E2
< d 131 183 02807C
< d 183 100 0A50314B000114F00622EA
< d 100 183 028069
< d 100 183 08114B3104035014E7
< d 183 100 028069
< d 100 183 1E604B310003770F00000F060222FFFFFFFFFFFFFFFFFFFFFFFFFFFFFFFF93
< d 183 100 028069
< d 183 131 1E684B310203770F00000F060222FFFFFFFFFFFFFFFFFFFFFFFFFFFFFFFFB0
< d 131 183 02807C
< d 183 100 0A50314B000114F00700C9
< d 100 183 028069
< d 100 183 08114B3104035014E7
< d 183 100 028069
< d 100 183 20604B31000300F460FFF1160F000F07FFFFFFFF21300F000F2400203020000064
< d 183 100 028069
< d 183 131 20684B31020300F460FFF1160F000F07FFFFFFFF21300F000F2400203020000081
< d 131 183 02807C
< d 100 183 1E604B310003770F00000F071202004E004F0041003200530076006700663A
< d 183 100 028069
< d 100 183 1E604B310003770F00000F071212004D006C004C0056002E003100320038C8
< d 183 131 1E684B310203770F00000F071202004E004F00410032005300760067006657
< d 183 100 028069
< d 131 183 02807C
< d 183 131 1E684B310203770F00000F071212004D006C004C0056002E003100320038E5
< d 131 183 02807C
< d 183 100 0A50314B000114F00722EB
< d 100 183 028069
< d 100 183 08114B3104035014E7
< d 183 100 028069
< d 100 183 1E604B310003770F00000F071222FFFFFFFFFFFFFFFFFFFFFFFFFFFFFFFFA4
< d 183 100 028069
< d 183 131 1E684B310203770F00000F071222FFFFFFFFFFFFFFFFFFFFFFFFFFFFFFFFC1
< d 131 183 02807C
< d 183 100 0A50314B000114F00800CA
< d 100 183 028069
< d 100 183 08114B3104035014E7
< d 183 100 028069
< d 100 183 1E604B310003770F00000F080202004E006200480038004E006B0062006F3F
< d 183 100 028069
< d 100 183 1E604B310003770F00000F08021200410035007A0036002E00310032003884
< d 183 131 1E684B310203770F00000F080202004E006200480038004E006B0062006F5C
< d 183 100 028069
< d 131 183 02807C
< d 183 131 1E684B310203770F00000F08021200410035007A0036002E003100320038A1
< d 131 183 02807C
< d 183 100 0A50314B000114F00822EC
< d 100 183 028069
< d 100 183 08114B3104035014E7
< d 183 100 028069
< d 100 183 20604B31000300F460FFF1170F000F07FFFFFFFF21300F000F2400203020000065
< d 183 100 028069
< d 183 131 20684B31020300F460FFF1170F000F07FFFFFFFF21300F000F2400203020000082
< d 131 183 02807C
< d 100 183 1E604B310003770F00000F080222FFFFFFFFFFFFFFFFFFFFFFFFFFFFFFFF95
< d 183 100 028069
< d 183 131 1E684B310203770F00000F080222FFFFFFFFFFFFFFFFFFFFFFFFFFFFFFFFB2
< d 131 183 02807C
< d 183 100 0A50314B000114F00900CB
< d 100 183 028069
< d 100 183 08114B3104035014E7
< d 183 100 028069
< d 100 183 1E604B310003770F00000F090202004E006A00470035004B00390076006519
< d 183 100 028069
< d 100 183 1E604B310003770F00000F0902120066003300790050002E003100320038C1
< d 183 131 1E684B310203770F00000F090202004E006A00470035004B00390076006536
< d 183 100 028069
< d 131 183 02807C
< d 183 131 1E684B310203770F00000F0902120066003300790050002E003100320038DE
< d 131 183 02807C
< d 183 100 0A50314B000114F00922ED
< d 100 183 028069
< d 100 183 08114B3104035014E7
< d 183 100 028069
< d 100 183 1E604B310003770F00000F090222FFFFFFFFFFFFFFFFFFFFFFFFFFFFFFFF96
< d 183 100 028069
< d 183 131 1E684B310203770F00000F090222FFFFFFFFFFFFFFFFFFFFFFFFFFFFFFFFB3
< d 131 183 02807C
< d 183 100 0A50314B000114F01000D2
< d 100 183 028069
< d 100 183 08114B3104035014E7
< d 183 100 028069
< d 100 183 20604B31000300F460FFF1180F000F07FFFFFFFF21300F000F2400203020000066
< d 183 100 028069
< d 183 131 20684B31020300F460FFF1180F000F07FFFFFFFF21300F000F2400203020000083
< d 131 183 02807C
< d 100 183 0970003103024B0000E1
< d 183 100 028069
< d 183 131 09780D3103024B000009
< d 131 183 02807C
< d 100 183 1E604B310003770F00000F100202004F006300410057006B0071006B005775
< d 183 100 028069
< d 100 183 1E604B310003770F00000F1002120041006C00710067002E003100320038EB
< d 183 131 1E684B310203770F00000F100202004F006300410057006B0071006B005792
< d 183 100 028069
< d 131 183 02807C
< d 183 131 1E684B310203770F00000F1002120041006C00710067002E00310032003808
< d 131 183 02807C
< d 183 100 0A50314B000114F01022F4
< d 100 183 028069
< d 100 183 08114B3104035014E7
< d 183 100 028069
< d 100 183 1E604B310003770F00000F100222FFFFFFFFFFFFFFFFFFFFFFFFFFFFFFFF9D
< d 183 100 028069
< d 183 131 1E684B310203770F00000F100222FFFFFFFFFFFFFFFFFFFFFFFFFFFFFFFFBA
< d 131 183 02807C
< d 183 100 0A50314B000114F01100D3
< d 100 183 028069
< d 100 183 08114B3104035014E7
< d 183 100 028069
< d 100 183 20604B31000300F460FFF1190F000F07FFFFFFFF21300F000F2400203020000067
< d 183 100 028069
< d 183 131 20684B31020300F460FFF1190F000F07FFFFFFFF21300F000F2400203020000084
< d 131 183 02807C
< d 100 183 1E604B310003770F00000F1102020052007400780063006300560054004682
< d 183 100 028069
< d 100 183 1E604B310003770F00000F1102120043003400750032002E00310032003885
< d 183 131 1E684B310203770F00000F110202005200740078006300630056005400469F
< d 183 100 028069
< d 131 183 02807C
< d 183 131 1E684B310203770F00000F1102120043003400750032002E003100320038A2
< d 131 183 02807C
< d 183 100 0A50314B000114F01122F5
< d 100 183 028069
< d 100 183 08114B3104035014E7
< d 183 100 028069
< d 100 183 1E604B310003770F00000F110222FFFFFFFFFFFFFFFFFFFFFFFFFFFFFFFF9E
< d 183 100 028069
< d 183 131 1E684B310203770F00000F110222FFFFFFFFFFFFFFFFFFFFFFFFFFFFFFFFBB
< d 131 183 02807C
< d 183 100 0A50314B000114F01200D4
< d 100 183 028069
< d 100 183 08114B3104035014E7
< d 183 100 028069
< d 100 183 1E604B310003770F00000F120202005400370072007A004600580039006C49
< d 183 100 028069
< d 100 183 1E604B310003770F00000F1202120077007000650068002E0031003200381C
< d 183 131 1E684B310203770F00000F120202005400370072007A004600580039006C66
< d 183 100 028069
< d 131 183 02807C
< d 183 131 1E684B310203770F00000F1202120077007000650068002E00310032003839
< d 131 183 02807C
< d 183 100 0A50314B000114F01222F6
< d 100 183 028069
< d 100 183 08114B3104035014E7
< d 183 100 028069
< d 100 183 20604B31000300F460FFF1200F000F07FFFFFFFF21300F000F240020302000006E
< d 183 100 028069
< d 183 131 20684B31020300F460FFF1200F000F07FFFFFFFF21300F000F240020302000008B
< d 131 183 02807C
< d 100 183 1E604B310003770F00000F120222FFFFFFFFFFFFFFFFFFFFFFFFFFFFFFFF9F
< d 183 100 028069
< d 183 131 1E684B310203770F00000F120222FFFFFFFFFFFFFFFFFFFFFFFFFFFFFFFFBC
< d 131 183 02807C
< d 183 100 0A50314B000114F01300D5
< d 100 183 028069
< d 100 183 08114B3104035014E7
< d 183 100 028069
< d 100 183 06100231000030
< d 183 100 028069
< d 100 183 084000310302000166
< d 183 100 028069
< d 183 131 0618023102004D
< d 131 183 02807C
< d 183 131 08480D31030200018E
< d 131 183 02807C
< d 131 183 0819310D06014801A9
< d 183 131 02807C
< d 183 100 081131000601400179
< d 100 183 028069
< d 100 183 06104B31003CB5
< d 183 100 028069
< d 183 131 06184B31023CD2
< d 131 183 02807C
< d 100 183 1E604B31003C770F00000F1302020056004F0077006E004E0043005100396E
< d 183 100 028069
< d 100 183 1E604B31003C770F00000F1302120054003500370074002E003100320038D6
< d 183 131 1E684B31023C770F00000F1302020056004F0077006E004E0043005100398B
< d 183 100 028069
< d 131 183 02807C
< d 183 131 1E684B31023C770F00000F1302120054003500370074002E003100320038F3
< d 131 183 02807C
< d 100 183 06100231000030
< d 183 100 028069
< d 183 131 0618023102004D
< d 131 183 02807C
< d 100 183 07100031D3020004
< d 183 100 028069
< d 100 183 106002310000000A1300E000001D0000A4
< d 183 100 028069
< d 183 131 07180D31D302002C
< d 131 183 02807C
< d 183 131 106802310200000A1300E000001D0000C1
< d 131 183 02807C
< d 100 183 0710003103020034
< d 183 100 028069
< d 100 183 10600231000000061300E000001D0000A0
< d 183 100 028069
< d 183 131 07180D310302005C
< d 131 183 02807C
< d 183 131 10680231020000061300E000001D0000BD
< d 131 183 02807C
< d 100 183 06100231000030
< d 183 100 028069
< d 183 131 0618023102004D
< d 131 183 02807C
< d 183 100 0B600D01000140204900000A
< d 100 183 028069
< d 100 183 09600231000110BC3A8A
< d 183 100 028069
< d 100 183 10600231000100061300E000001D0000A1
< d 183 100 028069
< d 100 183 0940003103020700026F
< d 183 131 09680231020110BC3AA7
< d 183 100 028069
< d 131 183 02807C
< d 183 131 09480D31030207000297
< d 131 183 02807C
< d 131 183 0819310D06014800A8
< d 183 131 02807C
< d 183 131 10680231020100061300E000001D0000BE
< d 131 183 02807C
< d 183 100 081131000601400078
< d 100 183 028069
< d 100 183 0D60073100010000021010FF40EE
< d 183 100 028069
< d 100 183 0F6007310001010F0A828896A90002F4
< d 183 100 028069
< d 100 183 0C60073100011006221168003D
!2
< d 131 183 02807C
< d 183 100 028069
< d 100 183 116007310001020000000000000000000093
< d 183 100 028069
< d 183 131 0F6807310201010F0A828896A9000211
< d 131 183 02807C
< d 183 131 0C68073102011006221168005A
< d 131 183 02807C
< d 183 131 1168073102010200000000000000000000B0
< d 131 183 02807C
< d 100 183 0D60073100010000021010FF50FE
< d 183 100 028069
< d 183 131 0D68073102010000021010FF501B
< d 131 183 02807C
< d 100 183 0970003103020700029F
< d 183 100 028069
< d 183 131 09780D310302070002C7
< d 131 183 02807C
< d 183 131 08590D3102012101BE
< d 131 183 02807C
< d 131 183 0819310D04015921D8
< d 183 131 02807C
< d 183 131 09590D3102019100002E
< d 131 183 02807C
< d 131 183 0819310D0401599148
< d 183 131 02807C
< d 183 131 09590D31020194000031
< d 131 183 02807C
< d 131 183 0819310D040159944B
< d 183 131 02807C
< d 183 131 06170D3102146B
< d 131 183 02807C
< d 183 131 06170D31020158
< d 131 183 02807C
< d 183 131 09590D31020191020030
< d 131 183 02807C
< d 131 183 0819310D0401599148
< d 183 131 02807C
< d 183 131 08590D3102012101BE
< d 131 183 02807C
< d 131 183 0819310D04015921D8
< d 183 131 02807C
< d 183 131 09590D31020194FF0030
< d 131 183 02807C
< d 131 183 0819310D040159944B
< d 183 131 02807C
< d 100 183 0970003103020700029F
< d 183 100 028069
< d 183 131 09780D310302070002C7
< d 131 183 02807C
< d 100 183 0970003103020700029F
< d 183 100 028069
< d 183 131 09780D310302070002C7
< d 131 183 02807C
< d 100 183 0970003103020700029F
< d 183 100 028069
< d 183 131 09780D310302070002C7
< d 131 183 02807C
< d 100 183 0970003103020700029F
< d 183 100 028069
< d 183 131 09780D310302070002C7
< d 131 183 02807C
< d 100 183 0970003103020700029F
< d 183 100 028069
< d 183 131 09780D310302070002C7
< d 131 183 02807C
< d 100 183 0970003103020700029F
< d 183 100 028069
< d 183 131 09780D310302070002C7
< d 131 183 02807C
< d 100 183 0970003103020700029F
< d 183 100 028069
< d 183 131 09780D310302070002C7
< d 131 183 02807C
< d 100 183 0970003103020700029F
< d 183 100 028069
< d 183 131 09780D310302070002C7
< d 131 183 02807C
< d 100 183 0970003103020700029F
< d 183 100 028069
< d 183 131 09780D310302070002C7
< d 131 183 02807C
< d 183 100 0B600D010001402050000011
< d 100 183 028069
< d 100 183 0970003103020700029F
< d 183 100 028069
< d 183 131 09780D310302070002C7
< d 131 183 02807C
< d 183 131 08590D3102012101BE
< d 131 183 02807C
< d 131 183 0819310D04015921D8
< d 183 131 02807C
< d 100 183 0970003103020700029F
< d 183 100 028069
< d 183 131 09780D310302070002C7
< d 131 183 02807C
< d 100 183 0970003103020700029F
< d 183 100 028069
< d 183 131 09780D310302070002C7
< d 131 183 02807C
< d 100 183 0970003103020700029F
< d 183 100 028069
< d 183 131 09780D310302070002C7
< d 131 183 02807C
< d 100 183 0970003103020700029F
< d 183 100 028069
< d 183 131 09780D310302070002C7
< d 131 183 02807C
< d 100 183 10600231000200071300E000001D0000A3
< d 183 100 028069
< d 183 131 10680231020200071300E000001D0000C0
< d 131 183 02807C
< d 100 183 10600231000200061300E000001D0000A2
< d 183 100 028069
< d 183 131 10680231020200061300E000001D0000BF
< d 131 183 02807C
< d 100 183 06100231000131
< d 183 100 028069
< d 183 131 0618023102014E
< d 131 183 02807C
< d 100 183 0970003103020700029F
< d 183 100 028069
< d 183 131 09780D310302070002C7
< d 131 183 02807C
< d 100 183 10600231000200051300E000001D0000A1
< d 183 100 028069
< d 183 131 10680231020200051300E000001D0000BE
< d 131 183 02807C
< d 100 183 10600231000200041300E000001D0000A0
< d 183 100 028069
< d 183 131 10680231020200041300E000001D0000BD
< d 131 183 02807C
< d 100 183 0970003103020700029F
< d 183 100 028069
< d 183 131 09780D310302070002C7
< d 131 183 02807C
< d 100 183 10600231000200051300E000001D0000A1
< d 183 100 028069
< d 183 131 10680231020200051300E000001D0000BE
< d 131 183 02807C
< d 100 183 10600231000200061300E000001D0000A2
< d 183 100 028069
< d 183 131 10680231020200061300E000001D0000BF
< d 131 183 02807C
< d 100 183 06100231000131
< d 183 100 028069
< d 183 131 0618023102014E
< d 131 183 02807C
< d 100 183 0970003103020700029F
< d 183 100 028069
< d 183 131 09780D310302070002C7
< d 131 183 02807C
< d 100 183 0970003103020700029F
< d 183 100 028069
< d 183 131 09780D310302070002C7
< d 131 183 02807C
< d 100 183 0970003103020700029F
< d 183 100 028069
< d 183 131 09780D310302070002C7
< d 131 183 02807C
< d 100 183 0970003103020700029F
< d 183 100 028069
< d 183 131 09780D310302070002C7
< d 131 183 02807C
< d 183 100 0B600D010001402051000012
< d 100 183 028069
< d 100 183 0970003103020700029F
< d 183 100 028069
< d 183 131 09780D310302070002C7
< d 131 183 02807C
< d 100 183 0970003103020700029F
< d 183 100 028069
< d 183 131 09780D310302070002C7
< d 131 183 02807C
< d 183 100 0B600D010001402051000012
< d 100 183 028069
< d 100 183 0970003103020700029F
< d 183 100 028069
< d 183 131 09780D310302070002C7
< d 131 183 02807C
< d 100 183 0970003103020700029F
< d 183 100 028069
< d 183 131 09780D310302070002C7
< d 131 183 02807C
< d 100 183 0970003103020700029F
< d 183 100 028069
< d 183 131 09780D310302070002C7
< d 131 183 02807C
< d 100 183 0970003103020700029F
< d 183 100 028069
< d 183 131 09780D310302070002C7
< d 131 183 02807C
< d 100 183 0970003103020700029F
< d 183 100 028069
< d 183 131 09780D310302070002C7
< d 131 183 02807C
< d 100 183 0970003103020700029F
< d 183 100 028069
< d 183 131 09780D310302070002C7
< d 131 183 02807C
< d 100 183 0970003103020700029F
< d 183 100 028069
< d 183 131 09780D310302070002C7
< d 131 183 02807C
< d 100 183 0970003103020700029F
< d 183 100 028069
< d 183 131 09780D310302070002C7
< d 131 183 02807C
< d 100 183 0970003103020700029F
< d 183 100 028069
< d 183 131 09780D310302070002C7
< d 131 183 02807C
< d 100 183 0970003103020700029F
< d 183 100 028069
< d 183 131 09780D310302070002C7
< d 131 183 02807C
< d 183 100 0B600D010001402052000013
< d 100 183 028069
< d 100 183 0970003103020700029F
< d 183 100 028069
< d 183 131 09780D310302070002C7
< d 131 183 02807C
< d 100 183 0970003103020700029F
< d 183 100 028069
< d 183 131 09780D310302070002C7
< d 131 183 02807C
< d 100 183 0970003103020700029F
< d 183 100 028069
< d 183 131 09780D310302070002C7
< d 131 183 02807C
< d 100 183 0970003103020700029F
< d 183 100 028069
< d 183 131 09780D310302070002C7
< d 131 183 02807C
< d 100 183 0970003103020700029F
< d 183 100 028069
< d 183 131 09780D310302070002C7
< d 131 183 02807C
< d 100 183 0970003103020700029F
< d 183 100 028069
< d 183 131 09780D310302070002C7
< d 131 183 02807C
< d 100 183 0970003103020700029F
< d 183 100 028069
< d 183 131 09780D310302070002C7
< d 131 183 02807C
< d 100 183 0970003103020700029F
< d 183 100 028069
< d 183 131 09780D310302070002C7
< d 131 183 02807C
< d 100 183 0970003103020700029F
< d 183 100 028069
< d 183 131 09780D310302070002C7
< d 131 183 02807C
< d 100 183 0970003103020700029F
< d 183 100 028069
< d 183 131 09780D310302070002C7
< d 131 183 02807C
< d 100 183 0970003103020700029F
< d 183 100 028069
< d 183 131 09780D310302070002C7
< d 131 183 02807C
< d 100 183 0970003103020700029F
< d 183 100 028069
< d 183 131 09780D310302070002C7
< d 131 183 02807C
< d 183 100 0B600D010001402053000014
< d 100 183 028069
< d 100 183 0970003103020700029F
< d 183 100 028069
< d 183 131 09780D310302070002C7
< d 131 183 02807C
< d 100 183 0970003103020700029F
< d 183 100 028069
< d 183 131 09780D310302070002C7
< d 131 183 02807C
< d 100 183 0970003103020700029F
< d 183 100 028069
< d 183 131 09780D310302070002C7
< d 131 183 02807C
< d 100 183 0970003103020700029F
< d 183 100 028069
< d 183 131 09780D310302070002C7
< d 131 183 02807C
< d 100 183 0970003103020700029F
< d 183 100 028069
< d 183 131 09780D310302070002C7
< d 131 183 02807C
< d 100 183 0970003103020700029F
< d 183 100 028069
< d 183 131 09780D310302070002C7
< d 131 183 02807C
< d 100 183 0970003103020700029F
< d 183 100 028069
< d 183 131 09780D310302070002C7
< d 131 183 02807C
< d 100 183 0970003103020700029F
< d 183 100 028069
< d 183 131 09780D310302070002C7
< d 131 183 02807C
< d 100 183 0970003103020700029F
< d 183 100 028069
< d 183 131 09780D310302070002C7
< d 131 183 02807C
< d 100 183 0970003103020700029F
< d 183 100 028069
< d 183 131 09780D310302070002C7
< d 131 183 02807C
< d 100 183 0970003103020700029F
< d 183 100 028069
< d 183 131 09780D310302070002C7
< d 131 183 02807C
< d 183 100 0B600D010001402054000015
< d 100 183 028069
< d 100 183 0970003103020700029F
< d 183 100 028069
< d 183 131 09780D310302070002C7
< d 131 183 02807C
< d 100 183 0970003103020700029F
< d 183 100 028069
< d 183 131 09780D310302070002C7
< d 131 183 02807C
< d 183 100 0B600D010001402054000015
< d 100 183 028069
< d 100 183 0970003103020700029F
< d 183 100 028069
< d 183 131 09780D310302070002C7
< d 131 183 02807C
< d 100 183 0970003103020700029F
< d 183 100 028069
< d 183 131 09780D310302070002C7
< d 131 183 02807C
< d 100 183 0970003103020700029F
< d 183 100 028069
< d 183 131 09780D310302070002C7
< d 131 183 02807C
< d 100 183 0970003103020700029F
< d 183 100 028069
< d 183 131 09780D310302070002C7
< d 131 183 02807C
< d 100 183 0970003103020700029F
< d 183 100 028069
< d 183 131 09780D310302070002C7
< d 131 183 02807C
< d 100 183 0970003103020700029F
< d 183 100 028069
< d 183 131 09780D310302070002C7
< d 131 183 02807C
< d 100 183 0970003103020700029F
< d 183 100 028069
< d 183 131 09780D310302070002C7
< d 131 183 02807C
< d 100 183 0970003103020700029F
< d 183 100 028069
< d 183 131 09780D310302070002C7
< d 131 183 02807C
< d 100 183 0970003103020700029F
< d 183 100 028069
< d 183 131 09780D310302070002C7
< d 131 183 02807C
< d 100 183 0970003103020700029F
< d 183 100 028069
< d 183 131 09780D310302070002C7
< d 131 183 02807C
< d 183 100 0B600D010001402055000016
< d 100 183 028069
< d 100 183 0970003103020700029F
< d 183 100 028069
< d 183 131 09780D310302070002C7
< d 131 183 02807C
< d 100 183 0970003103020700029F
< d 183 100 028069
< d 183 131 09780D310302070002C7
< d 131 183 02807C
< d 100 183 0970003103020700029F
< d 183 100 028069
< d 183 131 09780D310302070002C7
< d 131 183 02807C
< d 100 183 10600231000200071300E000001D0000A3
< d 183 100 028069
< d 183 131 10680231020200071300E000001D0000C0
< d 131 183 02807C
< d 100 183 0970003103020700029F
< d 183 100 028069
< d 183 131 09780D310302070002C7
< d 131 183 02807C
< d 100 183 10600231000200081300E000001D0000A4
< d 183 100 028069
< d 183 131 10680231020200081300E000001D0000C1
< d 131 183 02807C
< d 100 183 06100231000131
< d 183 100 028069
< d 183 131 0618023102014E
< d 131 183 02807C
< d 100 183 0970003103020700029F
< d 183 100 028069
< d 183 131 09780D310302070002C7
< d 131 183 02807C
< d 100 183 0970003103020700029F
< d 183 100 028069
< d 183 131 09780D310302070002C7
< d 131 183 02807C
< d 100 183 0970003103020700029F
< d 183 100 028069
< d 183 131 09780D310302070002C7
< d 131 183 02807C
< d 100 183 0970003103020700029F
< d 183 100 028069
< d 183 131 09780D310302070002C7
< d 131 183 02807C
< d 100 183 0970003103020700029F
< d 183 100 028069
< d 183 131 09780D310302070002C7
< d 131 183 02807C
< d 100 183 0970003103020700029F
< d 183 100 028069
< d 183 131 09780D310302070002C7
< d 131 183 02807C
< d 100 183 0970003103020700029F
< d 183 100 028069
< d 183 131 09780D310302070002C7
< d 131 183 02807C
< d 100 183 0970003103020700029F
< d 183 100 028069
< d 183 131 09780D310302070002C7
< d 131 183 02807C
< d 183 100 0B600D010001402056000017
< d 100 183 028069
< d 100 183 0970003103020700029F
< d 183 100 028069
< d 183 131 09780D310302070002C7
< d 131 183 02807C
< d 100 183 0970003103020700029F
< d 183 100 028069
< d 183 131 09780D310302070002C7
< d 131 183 02807C
< d 100 183 0970003103020700029F
< d 183 100 028069
< d 183 131 09780D310302070002C7
< d 131 183 02807C
< d 100 183 0970003103020700029F
< d 183 100 028069
< d 183 131 09780D310302070002C7
< d 131 183 02807C
< d 100 183 0970003103020700029F
< d 183 100 028069
< d 183 131 09780D310302070002C7
< d 131 183 02807C
< d 100 183 0970003103020700029F
< d 183 100 028069
< d 183 131 09780D310302070002C7
< d 131 183 02807C
!5
!5
!5
!5
!5
!5
!5
!5
!5
!5
!5
!5
!5
!5
!5
!5
!5
!5
!5
!5
!5
!5
!5
!5
!5
!5
!5
!5
!5
!5
!5
!5
!5
< d 183 131 08590D3102012101BE
< d 131 183 02807C
< d 131 183 0819310D04015921D8
< d 183 131 02807C
< d 183 131 09590D3102019100002E
< d 131 183 02807C
< d 131 183 0819310D0401599148
< d 183 131 02807C
< d 183 131 09590D31020194000031
< d 131 183 02807C
< d 131 183 0819310D040159944B
< d 183 131 02807C
< d 183 131 06170D3102146B
< d 131 183 02807C
< d 183 131 06170D31020158
< d 131 183 02807C
< d 183 131 09590D31020191020030
< d 131 183 02807C
< d 131 183 0819310D0401599148
< d 183 131 02807C
< d 183 131 08590D3102012101BE
< d 131 183 02807C
< d 131 183 0819310D04015921D8
< d 183 131 02807C
< d 183 131 09590D31020194FF0030
< d 131 183 02807C
< d 131 183 0819310D040159944B
< d 183 131 02807C
< d 183 131 08590D3102012101BE
< d 131 183 02807C
< d 131 183 0819310D04015921D8
< d 183 131 02807C
< d 183 131 09590D3102019100002E
< d 131 183 02807C
< d 131 183 0819310D0401599148
< d 183 131 02807C
< d 183 131 09590D31020194000031
< d 131 183 02807C
< d 131 183 0819310D040159944B
< d 183 131 02807C
< d 183 131 06170D3102146B
< d 131 183 02807C
< d 183 131 06170D31020158
< d 131 183 02807C
< d 183 131 09590D31020191020030
< d 131 183 02807C
< d 131 183 0819310D0401599148
< d 183 131 02807C
< d 183 131 08590D3102012101BE
< d 131 183 02807C
< d 131 183 0819310D04015921D8
< d 183 131 02807C
< d 183 131 09590D31020194FF0030
< d 131 183 02807C
< d 131 183 0819310D040159944B
< d 183 131 02807C
!5
!5
!5
!5
!5
!5
!5
!5
!5
!5
!5
!5
!5
!5
!5
!5
!5
!5
!5
!5
!5
!5
!5
!5
!5
< d 183 100 028069
< d 183 131 09780D310302070002C7
< d 131 183 02807C
< d 100 183 0970003103020700029F
< d 183 100 028069
< d 183 131 09780D310302070002C7
< d 131 183 02807C
< d 100 183 0970003103020700029F
< d 183 100 028069
< d 183 131 09780D310302070002C7
< d 131 183 02807C
!2
< d 183 131 06170D31020158
< d 131 183 02807C
< d 183 131 06170D31020158
< d 131 183 02807C
!5
!5
!5
!5
!5
!5
!5
!5
!5
!5
!5
!5
!5
!5
!5
!5
!5
< d 131 183 0409013139
< d 183 131 02807C
< d 131 183 040D31023E
< d 183 131 02807C
< d 183 131 040A010D16
< d 131 183 02807C
< d 183 131 030B3139
< d 131 183 02807C
< d 183 131 060E02028331C6
< d 131 183 02807C
< d 183 131 020C08
< d 131 183 02807C
< d 131 183 0969310D0001100900C4
< d 183 131 02807C
< d 183 131 020C08
< d 131 183 1869310D0001012058A8050000000000000000C6DBE905006F
< d 183 131 02807C
< d 131 183 02807C
< d 131 183 0959310D0001020520C2
< d 183 131 02807C
< d 183 131 020C08
< d 131 183 02807C
< d 183 131 020C08
< d 131 183 02807C
< d 183 131 08190D3106015902BB
< d 131 183 02807C
< d 131 183 0859310D0001698083
< d 183 131 02807C
< d 183 131 08590D3100012001BB
< d 131 183 02807C
< d 131 183 0819310D04015920D7
< d 183 131 02807C
< d 183 131 08190D310601596922
< d 131 183 02807C
!5
!5
!5
!5
!5
!5
!5
!5
!5
!5
!5
!5
!5
!5
!5
!5
!5
!5
!5
!5
!5
!5
!5
!5
!5
!5
!5
!5
!5
!5
!5
!5
!5
!5
< d 131 183 02807C
< d 131 183 0819310D04015920D7
< d 183 131 02807C
< d 183 131 08590D3100012001BB
< d 131 183 02807C
< d 131 183 0819310D04015920D7
< d 183 131 02807C
!5
!5
!5
!5
!5
!5
!5
!5
!5
!5
!5
!5
!5
!5
!5
!5
!5
!5
!5
!5
!5
!5
!5
!5
!5
!5
!5
!5
!5
!5
!5
!5
!5
!5
!5
!5
!5
!5
!5
!5
!5
!5
< d 183 131 06170D31020158
< d 131 183 02807C
< d 183 131 06170D31020158
< d 131 183 02807C
!5
!5
!5
!5
!5
!5
!5
!5
!5
!5
!5
!5
!5
!5
!5
!5
!5
!5
!5
!5
!5
!5
!5
!5
!5
!5
< d 131 183 02807C
< d 131 183 0819310D04015921D8
< d 183 131 02807C
< d 183 131 08590D3100012211CD
< d 131 183 02807C
< d 131 183 0819310D04015922D9
< d 183 131 02807C
!5
!5
!5
!5
!5
!5
!5
!5
!5
< d 131 183 02807C
< d 131 183 0819310D0401599148
< d 183 131 02807C
< d 183 131 09590D31020194000031
< d 131 183 02807C
< d 131 183 0819310D040159944B
< d 183 131 02807C
!5
!5
!5
!5
!5
!5
!5
!5
!5
!5
!5
!5
!5
!5
!5
!5
!5
!5
!5
!5
!5
!5
!5
!5
!5
!5
!5
!5
!5
!5
!5
!5
!5
!5
!5
!5
!5
!5
!5
!5
!5
!5
!5
!5
!5
!5
!5
!5
!5
!5
!5
!5
!5
!5
!5
!5
!5
!5
!5
!5
!5
!5
!5
!5
!5
!5
!5
!5
!5
!5
!5
!5
!5
!5
!5
!5
!5
!5
!5
!5
!5
!5
!5
!5
!5
!5
!5
!5
!5
!5
!5
!5
!5
!5
!5
!5
!5
!5
!5
!5
!5
!5
!5
!5
!5
!5
!5
!5
!5
!5
!5
!5
!5
!5
!5
!5
!5
!5
!5
!5
!5
!5
!5
!5
!5
!5
!5
!5
!5
!5
!5
!5
!5
!5
!5
!5
!5
!5
!5
!5
!5
!5
!5
!5
!5
!5
!5
!5
!5
!5
!5
!5
!5
!5
!5
!5
!5
!5
!5
!5
!5
!5
!5
!5
!5
!5
!5
!5
!5
!5
!5
!5
!5
!5
!5
!5
!5
!5
!5
!5
!5
!5
!5
!5
!5
!5
!5
!5
!5
!5
!5
!5
!5
!5
!5
!5
!5
!5
!5
!5
!5
!5
!5
!5
!5
!5
!5
!5
!5
!5
!5
!5
!5
!5
!5
!5
!5
!5
!5
!5
!5
!5
!5
!5
!5
!5
!5
!5
!5
!5
!5
!5
!5
!5
!5
!5
!5
!5
!5
!5
!5
!5
!5
!5
!5
!5
!5
!5
!5
!5
!5
!5
!5
!5
!5
!5
!5
!5
!5
!5
!5
!5
!5
!5
!5
!5
!5
!5
!5
!5
!5
!5
!5
!5
!5
!5
!5
!5
!5
!5
!5
< d 131 183 02807C
< d 131 183 0819310D04015922D9
< d 183 131 02807C
!5
!5
!5
!5
!5
!5
!5
!5
!5
!5
!5
!5
!5
!5
!5
!5
!5
!5
!5
!5
!5
!5
!5
!5
!5
!5
!5
!5
!5
!5
!5
!5
!5
!5
!5
!5
!5
!5
!5
!5
!5
!5
!5
!5
!5
!5
!5
!5
!5
!5
!5
!5
!5
!5
!5
!5
!5
!5
!5
!5
!5
!5
!5
!5
!5
!5
!5
!5
!5
!5
!5
!5
!5
!5
!5
!5
!5
!5
!5
!5
!5
!5
!5
!5
!5
!5
!5
!5
!5
!5
!5
!5
!5
!5
!5
!5
!5
!5
!5
!5
!5
!5
!5
!5
!5
!5
!5
!5
!5
!5
!5
!5
!5
!5
!5
!5
!5
!5
!5
!5
!5
!5
!5
!5
!5
!5
!5
!5
!5
!5
!5
!5
!5
!5
!5
!5
!5
!5
!5
!5
!5
!5
!5
!5
!5
!5
!5
!5
!5
!5
!5
!5
!5
!5
!5
!5
!5
!5
!5
!5
!5
!5
!5
!5
!5
!5
!5
!5
!5
!5
!5
!5
!5
!5
!5
!5
!5
!5
!5
!5
!5
!5
!5
!5
!5
!5
!5
!5
!5
!5
!5
!5
!5
!5
!5
!5
!5
!5
!5
!5
!5
!5
!5
!5
!5
!5
!5
!5
!5
!5
!5
!5
!5
!5
!5
!5
!5
!5
!5
!5
!5
!5
!5
!5
!5
!5
!5
!5
!5
!5
!5
!5
!5
!5
!5
!5
!5
!5
!5
!5
!5
!5
!5
!5
!5
!5
!5
!5
!5
!5
!5
!5
!5
!5
!5
!5
!5
!5
!5
!5
!5
!5
!5
!5
!5
!5
!5
!5
!5
!5
!5
!5
!5
!5
!5
!5
!5
!5
!5
!5
!5
!5
!5
!5
!5
!5
!5
!5
!5
!5
!5
!5
!5
!5
!5
!5
!5
!5
!5
!5
!5
!5
!5
!5
!5
!5
!5
!5
!5
!5
!5
!5
!5
!5
!5
!5
!5
!5
!5
!5
!5
!5
!5
!5
!5
!5
!5
!5
!5
!5
!5
!5
!5
!5
!5
!5
!5
!5
!5
!5
!5
!5
!5
!5
!5
!5
!5
!5
!5
!5
!5
!5
!5
!5
!5
!5
!5
!5
!5
!5
!5
!5
!5
!5
!5
!5
!5
!5
!5
!5
!5
!5
!5
!5
!5
!5
!5
!5
!5
!5
!5
!5
!5
!5
!5
!5
